<?xml version="1.0" encoding="UTF-8"?>
<!-- Generated by org.testng.reporters.JUnitXMLReporter -->
<testsuite hostname="LAPTOP-L4SBH93J" ignored="0" name="cosacProject IE Test " tests="2" failures="0" timestamp="07 Feb 2020 10:39:36 GMT" time="0.215" errors="0">
  <testcase name="@BeforeClass launchChrome" time="0.17" classname="com.cosac.PageObject.BaseClass">
    <failure type="java.lang.IllegalStateException" message="The driver executable does not exist: C:\Users\91831\eclipse-workspace\COSAC_PROJECT\.\IEDriverServer.exe">
      <![CDATA[java.lang.IllegalStateException: The driver executable does not exist: C:\Users\91831\eclipse-workspace\COSAC_PROJECT\.\IEDriverServer.exe
at com.google.common.base.Preconditions.checkState(Preconditions.java:585)
at org.openqa.selenium.remote.service.DriverService.checkExecutable(DriverService.java:137)
at org.openqa.selenium.remote.service.DriverService.findExecutable(DriverService.java:132)
at org.openqa.selenium.ie.InternetExplorerDriverService.access$000(InternetExplorerDriverService.java:35)
at org.openqa.selenium.ie.InternetExplorerDriverService$Builder.findDefaultExecutable(InternetExplorerDriverService.java:188)
at org.openqa.selenium.remote.service.DriverService$Builder.build(DriverService.java:346)
at org.openqa.selenium.ie.InternetExplorerDriver.setupService(InternetExplorerDriver.java:281)
at org.openqa.selenium.ie.InternetExplorerDriver.<init>(InternetExplorerDriver.java:211)
at org.openqa.selenium.ie.InternetExplorerDriver.<init>(InternetExplorerDriver.java:150)
at com.cosac.PageObject.BaseClass.launchChrome(BaseClass.java:81)
at java.util.concurrent.FutureTask.run(Unknown Source)
at java.util.concurrent.ThreadPoolExecutor.runWorker(Unknown Source)
at java.util.concurrent.ThreadPoolExecutor$Worker.run(Unknown Source)
at java.lang.Thread.run(Unknown Source)
... Removed 17 stack frames]]>
    </failure>
  </testcase> <!-- @BeforeClass launchChrome -->
  <testcase name="@AfterClass close" time="0.0" classname="com.cosac.PageObject.BaseClass">
    <skipped/>
  </testcase> <!-- @AfterClass close -->
  <testcase name="location" time="0.0" classname="com.cosac.TestCases.COS01_LocationCreation">
    <skipped/>
  </testcase> <!-- location -->
  <testcase name="createLocationForm" time="0.0" classname="com.cosac.TestCases.COS01_LocationCreation">
    <skipped/>
  </testcase> <!-- createLocationForm -->
</testsuite> <!-- cosacProject IE Test  -->
