<?xml version="1.0" encoding="UTF-8"?>
<!-- Generated by org.testng.reporters.JUnitXMLReporter -->
<testsuite hostname="LAPTOP-L4SBH93J" ignored="0" name="cosacProject Test ie" tests="2" failures="0" timestamp="07 Feb 2020 10:15:36 GMT" time="0.061" errors="0">
  <testcase name="@BeforeClass launchChrome" time="0.033" classname="com.cosac.PageObject.BaseClass">
    <failure type="java.lang.IllegalStateException" message="The path to the driver executable must be set by the webdriver.ie.driver system property; for more information, see https://github.com/SeleniumHQ/selenium/wiki/InternetExplorerDriver. The latest version can be downloaded from http://selenium-release.storage.googleapis.com/index.html">
      <![CDATA[java.lang.IllegalStateException: The path to the driver executable must be set by the webdriver.ie.driver system property; for more information, see https://github.com/SeleniumHQ/selenium/wiki/InternetExplorerDriver. The latest version can be downloaded from http://selenium-release.storage.googleapis.com/index.html
at com.google.common.base.Preconditions.checkState(Preconditions.java:847)
at org.openqa.selenium.remote.service.DriverService.findExecutable(DriverService.java:125)
at org.openqa.selenium.ie.InternetExplorerDriverService.access$000(InternetExplorerDriverService.java:35)
at org.openqa.selenium.ie.InternetExplorerDriverService$Builder.findDefaultExecutable(InternetExplorerDriverService.java:188)
at org.openqa.selenium.remote.service.DriverService$Builder.build(DriverService.java:346)
at org.openqa.selenium.ie.InternetExplorerDriver.setupService(InternetExplorerDriver.java:281)
at org.openqa.selenium.ie.InternetExplorerDriver.<init>(InternetExplorerDriver.java:211)
at org.openqa.selenium.ie.InternetExplorerDriver.<init>(InternetExplorerDriver.java:150)
at com.cosac.PageObject.BaseClass.launchChrome(BaseClass.java:80)
... Removed 26 stack frames]]>
    </failure>
  </testcase> <!-- @BeforeClass launchChrome -->
  <testcase name="@AfterClass close" time="0.0" classname="com.cosac.PageObject.BaseClass">
    <skipped/>
  </testcase> <!-- @AfterClass close -->
  <testcase name="location" time="0.0" classname="com.cosac.TestCases.COS01_LocationCreation">
    <skipped/>
  </testcase> <!-- location -->
  <testcase name="createLocationForm" time="0.0" classname="com.cosac.TestCases.COS01_LocationCreation">
    <skipped/>
  </testcase> <!-- createLocationForm -->
</testsuite> <!-- cosacProject Test ie -->
