<?xml version="1.0" encoding="UTF-8"?>
<!-- Generated by org.testng.reporters.JUnitXMLReporter -->
<testsuite hostname="MLDCSRGEOD01-VM" name="Default test" tests="2" failures="0" timestamp="9 Mar 2020 07:00:13 GMT" time="0.052" errors="0">
  <testcase name="@BeforeClass launchChrome" time="0.0" classname="com.cosac.TestCases.COS17_GoodsReceipt">
    <failure type="org.testng.TestNGException" message="
Parameter &amp;apos;browser&amp;apos; is required by @Configuration on method launchChrome but has not been marked @Optional or defined
in C:\Users\saravana_kumar\AppData\Local\Temp\2\testng-eclipse--1273299203\testng-customsuite.xml">
      <![CDATA[org.testng.TestNGException: 
Parameter 'browser' is required by @Configuration on method launchChrome but has not been marked @Optional or defined
in C:\Users\saravana_kumar\AppData\Local\Temp\2\testng-eclipse--1273299203\testng-customsuite.xml
	at org.testng.internal.Parameters.createParameters(Parameters.java:156)
	at org.testng.internal.Parameters.createParameters(Parameters.java:363)
	at org.testng.internal.Parameters.createConfigurationParameters(Parameters.java:86)
	at org.testng.internal.Invoker.invokeConfigurations(Invoker.java:202)
	at org.testng.internal.Invoker.invokeConfigurations(Invoker.java:143)
	at org.testng.internal.TestMethodWorker.invokeBeforeClassMethods(TestMethodWorker.java:169)
	at org.testng.internal.TestMethodWorker.run(TestMethodWorker.java:108)
	at org.testng.TestRunner.privateRun(TestRunner.java:746)
	at org.testng.TestRunner.run(TestRunner.java:600)
	at org.testng.SuiteRunner.runTest(SuiteRunner.java:366)
	at org.testng.SuiteRunner.runSequentially(SuiteRunner.java:361)
	at org.testng.SuiteRunner.privateRun(SuiteRunner.java:319)
	at org.testng.SuiteRunner.run(SuiteRunner.java:268)
	at org.testng.SuiteRunnerWorker.runSuite(SuiteRunnerWorker.java:52)
	at org.testng.SuiteRunnerWorker.run(SuiteRunnerWorker.java:86)
	at org.testng.TestNG.runSuitesSequentially(TestNG.java:1264)
	at org.testng.TestNG.runSuitesLocally(TestNG.java:1189)
	at org.testng.TestNG.runSuites(TestNG.java:1104)
	at org.testng.TestNG.run(TestNG.java:1076)
	at org.testng.remote.AbstractRemoteTestNG.run(AbstractRemoteTestNG.java:126)
	at org.testng.remote.RemoteTestNG.initAndRun(RemoteTestNG.java:152)
	at org.testng.remote.RemoteTestNG.main(RemoteTestNG.java:57)
]]>
    </failure>
  </testcase> <!-- @BeforeClass launchChrome -->
  <testcase name="@AfterClass close" time="0.0" classname="com.cosac.TestCases.COS17_GoodsReceipt">
    <skipped/>
  </testcase> <!-- @AfterClass close -->
  <testcase name="create_GoodsRcpt" time="0.009" classname="com.cosac.TestCases.COS17_GoodsReceipt">
    <skipped/>
  </testcase> <!-- create_GoodsRcpt -->
  <testcase name="GoodsRecieptForm" time="0.0" classname="com.cosac.TestCases.COS17_GoodsReceipt">
    <skipped/>
  </testcase> <!-- GoodsRecieptForm -->
</testsuite> <!-- Default test -->
